2020-03-18 11:09:42:942 info: Server is my running at 3000
2020-03-18 11:15:41:1541 info: Server is my running at 3000
2020-03-18 11:16:31:1631 info: Server is my running at 3000
2020-03-18 11:18:34:1834 info: Server is my running at 3000
2020-03-18 11:20:50:2050 error: WHERE parameter "login" has invalid "undefined" value
2020-03-18 11:24:03:243 info: Server is my running at 3000
2020-03-18 11:24:25:2425 info: Server is my running at 3000
2020-03-18 11:24:34:2434 info: Server is my running at 3000
2020-03-18 11:25:37:2537 info: Server is my running at 3000
2020-03-18 11:26:26:2626 info: Server is my running at 3000
2020-03-18 11:27:00:270 info: Server is my running at 3000
2020-03-18 11:28:21:2821 info: Server is my running at 3000
2020-03-18 11:29:39:2939 info: Server is my running at 3000
2020-03-18 11:29:50:2950 info: Server is my running at 3000
2020-03-18 11:30:06:306 info: Server is my running at 3000
2020-03-18 11:33:18:3318 info: Server is my running at 3000
2020-03-18 11:34:00:340 info: Server is my running at 3000
2020-03-18 11:35:58:3558 info: Server is my running at 3000
2020-03-18 11:36:40:3640 info: Server is my running at 3000
2020-03-18 11:36:50:3650 info: Server is my running at 3000
2020-03-18 11:37:14:3714 info: Server is my running at 3000
2020-03-18 11:37:16:3716 info: Method getItemById has been called | data: {"DB":"Users-DB","userId":"1"}
2020-03-18 11:37:31:3731 info: Server is my running at 3000
2020-03-18 11:40:20:4020 info: Server is my running at 3000
2020-03-18 11:40:41:4041 info: Server is my running at 3000
2020-03-18 11:41:23:4123 info: Server is my running at 3000
2020-03-18 11:41:41:4141 info: Server is my running at 3000
2020-03-18 11:42:09:429 info: Server is my running at 3000
2020-03-18 11:42:15:4215 info: Server is my running at 3000
2020-03-18 11:43:05:435 info: Server is my running at 3000
2020-03-18 11:44:00:440 error: User with login alex or password alex does not exist!
2020-03-18 11:44:39:4439 info: Server is my running at 3000
2020-03-18 11:44:45:4445 error: res is not defined
2020-03-18 11:45:04:454 info: Server is my running at 3000
2020-03-18 11:46:00:460 info: Method getItemById has been called | data: {"DB":"Users-DB","userId":"1"}
2020-03-18 11:47:04:474 info: Server is my running at 3000
2020-03-18 11:53:14:5314 info: Server is my running at 3000
2020-03-18 11:53:47:5347 info: Server is my running at 3000
2020-03-18 11:53:54:5354 info: Method getItemById has been called | data: {"DB":"Users-DB","userId":"2"}
2020-03-18 11:56:07:567 info: Server is my running at 3000
2020-03-18 11:56:15:5615 error: password authentication failed for user "Admin"
2020-03-18 11:56:36:5636 info: Server is my running at 3000
2020-03-18 12:16:02:162 info: Server is my running at 3000
2020-03-18 12:16:07:167 info: Method getItemById has been called | data: {"DB":"Users-DB","userId":"2"}
2020-03-18 12:16:16:1616 info: Method getItemById has been called | data: {"DB":"Users-DB","userId":"2"}
2020-03-18 12:32:55:3255 info: Server is my running at 3000
2020-03-18 12:36:08:368 info: Server is my running at 3000
2020-03-18 12:38:36:3836 info: Server is my running at 3000
2020-03-18 12:39:20:3920 info: Server is my running at 3000
2020-03-18 12:40:09:409 info: Server is my running at 3000
2020-03-18 12:40:35:4035 info: Server is my running at 3000
2020-03-18 12:41:14:4114 info: Server is my running at 3000
2020-03-18 12:48:17:4817 info: Method getItemById has been called | data: {"DB":"Users-DB","userId":"2"}
2020-03-18 12:48:38:4838 info: Server is my running at 3000
2020-03-18 12:49:27:4927 info: Server is my running at 3000
2020-03-18 12:50:54:5054 info: Server is my running at 3000
2020-03-18 12:51:15:5115 info: Server is my running at 3000
2020-03-18 12:53:27:5327 info: Server is my running at 3000
2020-03-18 12:57:37:5737 info: Server is my running at 3000
2020-03-18 13:06:23:623 info: Server is my running at 3000
2020-03-18 13:07:01:71 info: Server is my running at 3000
2020-03-18 13:07:03:73 info: Method getItemById has been called | data: {"DB":"Users-DB","userId":"2"}
2020-03-18 13:07:06:76 info: Method getItemById has been called | data: {"DB":"Users-DB","userId":"2"}
2020-03-18 13:07:34:734 info: Server is my running at 3000
2020-03-18 13:17:28:1728 info: Server is my running at 3000
2020-03-18 13:18:48:1848 info: Server is my running at 3000
2020-03-18 13:18:57:1857 info: Server is my running at 3000
2020-03-18 13:19:05:195 error: Connection terminated unexpectedly
2020-03-18 13:20:17:2017 info: Server is my running at 3000
2020-03-18 13:20:47:2047 info: Server is my running at 3000
2020-03-18 13:32:58:3258 info: Server is my running at 3000
2020-03-18 13:34:41:3441 info: Server is my running at 3000
2020-03-18 13:34:53:3453 info: Server is my running at 3000
2020-03-18 13:36:16:3616 info: Server is my running at 3000
2020-03-18 13:38:19:3819 info: Server is my running at 3000
2020-03-18 13:38:33:3833 info: Server is my running at 3000
2020-03-18 13:38:36:3836 info: Method getItemById has been called | data: {"DB":"Users-DB","userId":"2"}
2020-03-18 13:39:54:3954 info: Server is my running at 3000
2020-03-18 13:40:14:4014 info: Server is my running at 3000
2020-03-18 13:41:37:4137 info: Server is my running at 3000
2020-03-18 13:42:13:4213 info: Server is my running at 3000
2020-03-18 13:42:50:4250 info: Server is my running at 3000
2020-03-18 13:43:44:4344 info: Server is my running at 3000
2020-03-18 13:45:42:4542 info: Server is my running at 3000
2020-03-18 13:48:07:487 info: Server is my running at 3000
2020-03-18 13:48:28:4828 info: Server is my running at 3000
2020-03-18 13:49:10:4910 info: Server is my running at 3000
2020-03-18 13:49:29:4929 info: Server is my running at 3000
2020-03-18 14:07:44:744 info: Server is my running at 3000
2020-03-18 14:08:02:82 info: Server is my running at 3000
2020-03-18 14:08:28:828 info: Server is my running at 3000
2020-03-18 14:08:53:853 info: Server is my running at 3000
2020-03-18 14:09:12:912 info: Server is my running at 3000
2020-03-18 14:09:31:931 info: Method getItemById has been called | data: {"DB":"Users-DB","userId":"2"}
2020-03-18 14:43:29:4329 info: Server is my running at 3000
2020-03-18 14:44:58:4458 info: Server is my running at 3000
2020-03-18 14:45:19:4519 info: Server is my running at 3000
2020-03-18 14:46:08:468 info: Server is my running at 3000
2020-03-18 14:46:29:4629 info: Server is my running at 3000
2020-03-18 14:47:05:475 info: Server is my running at 3000
2020-03-18 14:50:50:5050 info: Server is my running at 3000
2020-03-18 14:50:55:5055 info: Server is my running at 3000
2020-03-18 14:52:13:5213 info: Server is my running at 3000
2020-03-18 14:52:27:5227 info: Server is my running at 3000
